# JRE version: OpenJDK Runtime Environment (17.0.10) (build 17.0.10+0--11609105)
# Java VM: OpenJDK 64-Bit Server VM (17.0.10+0--11609105, mixed mode, tiered, compressed oops, compressed class ptrs, g1 gc, windows-amd64)
GC Precious Log:
 CPUs: 8 total, 8 available
 Memory: 8022M
 Large Page Support: Disabled
 NUMA Support: Disabled
 Compressed Oops: Enabled (32-bit)
 Heap Region Size: 1M
 Heap Min Capacity: 8M
 Heap Initial Capacity: 126M
 Heap Max Capacity: 2G
 Pre-touch: Disabled
 Parallel Workers: 8
 Concurrent Workers: 2
 Concurrent Refinement Workers: 8
 Periodic GC: Disabled
Heap:
 garbage-first heap   total 71680K, used 49081K [0x0000000080000000, 0x0000000100000000)
  region size 1024K, 22 young (22528K), 2 survivors (2048K)
 Metaspace       used 45055K, committed 45504K, reserved 1114112K
  class space    used 6080K, committed 6272K, reserved 1048576K
GC Heap History (20 events):
Event: 3.579 GC heap before
{Heap before GC invocations=1 (full 0):
 garbage-first heap   total 129024K, used 39407K [0x0000000080000000, 0x0000000100000000)
  region size 1024K, 31 young (31744K), 3 survivors (3072K)
 Metaspace       used 11456K, committed 11648K, reserved 1114112K
  class space    used 1195K, committed 1280K, reserved 1048576K
}
Event: 3.584 GC heap after
{Heap after GC invocations=2 (full 0):
 garbage-first heap   total 129024K, used 11128K [0x0000000080000000, 0x0000000100000000)
  region size 1024K, 1 young (1024K), 1 survivors (1024K)
 Metaspace       used 11456K, committed 11648K, reserved 1114112K
  class space    used 1195K, committed 1280K, reserved 1048576K
}
Event: 5.124 GC heap before
{Heap before GC invocations=2 (full 0):
 garbage-first heap   total 129024K, used 60280K [0x0000000080000000, 0x0000000100000000)
  region size 1024K, 49 young (50176K), 1 survivors (1024K)
 Metaspace       used 21262K, committed 21504K, reserved 1114112K
  class space    used 2498K, committed 2624K, reserved 1048576K
}
Event: 5.132 GC heap after
{Heap after GC invocations=3 (full 0):
 garbage-first heap   total 129024K, used 18918K [0x0000000080000000, 0x0000000100000000)
  region size 1024K, 9 young (9216K), 9 survivors (9216K)
 Metaspace       used 21262K, committed 21504K, reserved 1114112K
  class space    used 2498K, committed 2624K, reserved 1048576K
}
Event: 6.059 GC heap before
{Heap before GC invocations=4 (full 0):
 garbage-first heap   total 71680K, used 52710K [0x0000000080000000, 0x0000000100000000)
  region size 1024K, 42 young (43008K), 9 survivors (9216K)
 Metaspace       used 26503K, committed 26816K, reserved 1114112K
  class space    used 3390K, committed 3520K, reserved 1048576K
}
Event: 6.067 GC heap after
{Heap after GC invocations=5 (full 0):
 garbage-first heap   total 71680K, used 20538K [0x0000000080000000, 0x0000000100000000)
  region size 1024K, 2 young (2048K), 2 survivors (2048K)
 Metaspace       used 26503K, committed 26816K, reserved 1114112K
  class space    used 3390K, committed 3520K, reserved 1048576K
}
Event: 6.098 GC heap before
{Heap before GC invocations=5 (full 0):
 garbage-first heap   total 71680K, used 21562K [0x0000000080000000, 0x0000000100000000)
  region size 1024K, 3 young (3072K), 2 survivors (2048K)
 Metaspace       used 26718K, committed 26944K, reserved 1114112K
  class space    used 3423K, committed 3520K, reserved 1048576K
}
Event: 6.100 GC heap after
{Heap after GC invocations=6 (full 0):
 garbage-first heap   total 71680K, used 20584K [0x0000000080000000, 0x0000000100000000)
  region size 1024K, 1 young (1024K), 1 survivors (1024K)
 Metaspace       used 26718K, committed 26944K, reserved 1114112K
  class space    used 3423K, committed 3520K, reserved 1048576K
}
Event: 6.898 GC heap before
{Heap before GC invocations=6 (full 0):
 garbage-first heap   total 71680K, used 51304K [0x0000000080000000, 0x0000000100000000)
  region size 1024K, 31 young (31744K), 1 survivors (1024K)
 Metaspace       used 30795K, committed 31104K, reserved 1114112K
  class space    used 4117K, committed 4288K, reserved 1048576K
}
Event: 6.900 GC heap after
{Heap after GC invocations=7 (full 0):
 garbage-first heap   total 71680K, used 22142K [0x0000000080000000, 0x0000000100000000)
  region size 1024K, 2 young (2048K), 2 survivors (2048K)
 Metaspace       used 30795K, committed 31104K, reserved 1114112K
  class space    used 4117K, committed 4288K, reserved 1048576K
}
Event: 7.586 GC heap before
{Heap before GC invocations=7 (full 0):
 garbage-first heap   total 71680K, used 52862K [0x0000000080000000, 0x0000000100000000)
  region size 1024K, 32 young (32768K), 2 survivors (2048K)
 Metaspace       used 34573K, committed 34880K, reserved 1114112K
  class space    used 4720K, committed 4864K, reserved 1048576K
}
Event: 7.590 GC heap after
{Heap after GC invocations=8 (full 0):
 garbage-first heap   total 71680K, used 23437K [0x0000000080000000, 0x0000000100000000)
  region size 1024K, 4 young (4096K), 4 survivors (4096K)
 Metaspace       used 34573K, committed 34880K, reserved 1114112K
  class space    used 4720K, committed 4864K, reserved 1048576K
}
Event: 7.698 GC heap before
{Heap before GC invocations=8 (full 0):
 garbage-first heap   total 71680K, used 29581K [0x0000000080000000, 0x0000000100000000)
  region size 1024K, 11 young (11264K), 4 survivors (4096K)
 Metaspace       used 35791K, committed 36096K, reserved 1114112K
  class space    used 4885K, committed 5056K, reserved 1048576K
}
Event: 7.701 GC heap after
{Heap after GC invocations=9 (full 0):
 garbage-first heap   total 71680K, used 23683K [0x0000000080000000, 0x0000000100000000)
  region size 1024K, 2 young (2048K), 2 survivors (2048K)
 Metaspace       used 35791K, committed 36096K, reserved 1114112K
  class space    used 4885K, committed 5056K, reserved 1048576K
}
Event: 8.295 GC heap before
{Heap before GC invocations=10 (full 0):
 garbage-first heap   total 71680K, used 54403K [0x0000000080000000, 0x0000000100000000)
  region size 1024K, 33 young (33792K), 2 survivors (2048K)
 Metaspace       used 41294K, committed 41664K, reserved 1114112K
  class space    used 5472K, committed 5632K, reserved 1048576K
}
Event: 8.300 GC heap after
{Heap after GC invocations=11 (full 0):
 garbage-first heap   total 71680K, used 28120K [0x0000000080000000, 0x0000000100000000)
  region size 1024K, 5 young (5120K), 5 survivors (5120K)
 Metaspace       used 41294K, committed 41664K, reserved 1114112K
  class space    used 5472K, committed 5632K, reserved 1048576K
}
Event: 8.307 GC heap before
{Heap before GC invocations=11 (full 0):
 garbage-first heap   total 71680K, used 29144K [0x0000000080000000, 0x0000000100000000)
  region size 1024K, 6 young (6144K), 5 survivors (5120K)
 Metaspace       used 41294K, committed 41664K, reserved 1114112K
  class space    used 5472K, committed 5632K, reserved 1048576K
}
Event: 8.312 GC heap after
{Heap after GC invocations=12 (full 0):
 garbage-first heap   total 71680K, used 28581K [0x0000000080000000, 0x0000000100000000)
  region size 1024K, 1 young (1024K), 1 survivors (1024K)
 Metaspace       used 41294K, committed 41664K, reserved 1114112K
  class space    used 5472K, committed 5632K, reserved 1048576K
}
Event: 8.905 GC heap before
{Heap before GC invocations=12 (full 0):
 garbage-first heap   total 71680K, used 54181K [0x0000000080000000, 0x0000000100000000)
  region size 1024K, 27 young (27648K), 1 survivors (1024K)
 Metaspace       used 42438K, committed 42816K, reserved 1114112K
  class space    used 5652K, committed 5824K, reserved 1048576K
}
Event: 8.907 GC heap after
{Heap after GC invocations=13 (full 0):
 garbage-first heap   total 71680K, used 29625K [0x0000000080000000, 0x0000000100000000)
  region size 1024K, 2 young (2048K), 2 survivors (2048K)
 Metaspace       used 42438K, committed 42816K, reserved 1114112K
  class space    used 5652K, committed 5824K, reserved 1048576K
}

